node:internal/modules/cjs/loader:1478
  throw err;
  ^

Error: Cannot find module './cmap/handshake/client_metadata'
Require stack:
- /Users/pkarthikreddy/Documents/SE-WAD-PROJECT/server/node_modules/mongodb/lib/connection_string.js
- /Users/pkarthikreddy/Documents/SE-WAD-PROJECT/server/node_modules/mongodb/lib/mongo_client.js
- /Users/pkarthikreddy/Documents/SE-WAD-PROJECT/server/node_modules/mongodb/lib/change_stream.js
- /Users/pkarthikreddy/Documents/SE-WAD-PROJECT/server/node_modules/mongodb/lib/index.js
- /Users/pkarthikreddy/Documents/SE-WAD-PROJECT/server/node_modules/mongoose/lib/drivers/node-mongodb-native/collection.js
- /Users/pkarthikreddy/Documents/SE-WAD-PROJECT/server/node_modules/mongoose/lib/drivers/node-mongodb-native/index.js
- /Users/pkarthikreddy/Documents/SE-WAD-PROJECT/server/node_modules/mongoose/lib/index.js
- /Users/pkarthikreddy/Documents/SE-WAD-PROJECT/server/node_modules/mongoose/index.js
- /Users/pkarthikreddy/Documents/SE-WAD-PROJECT/server/server.js
    at Module._resolveFilename (node:internal/modules/cjs/loader:1475:15)
    at wrapResolveFilename (node:internal/modules/cjs/loader:1048:27)
    at defaultResolveImplForCJSLoading (node:internal/modules/cjs/loader:1072:10)
    at resolveForCJSWithHooks (node:internal/modules/cjs/loader:1093:12)
    at Module._load (node:internal/modules/cjs/loader:1261:25)
    at wrapModuleLoad (node:internal/modules/cjs/loader:255:19)
    at Module.require (node:internal/modules/cjs/loader:1575:12)
    at require (node:internal/modules/helpers:191:16)
    at Object.<anonymous> (/Users/pkarthikreddy/Documents/SE-WAD-PROJECT/server/node_modules/mongodb/lib/connection_string.js:11:27)
    at Module._compile (node:internal/modules/cjs/loader:1829:14) {
  code: 'MODULE_NOT_FOUND',
  requireStack: [
    '/Users/pkarthikreddy/Documents/SE-WAD-PROJECT/server/node_modules/mongodb/lib/connection_string.js',
    '/Users/pkarthikreddy/Documents/SE-WAD-PROJECT/server/node_modules/mongodb/lib/mongo_client.js',
    '/Users/pkarthikreddy/Documents/SE-WAD-PROJECT/server/node_modules/mongodb/lib/change_stream.js',
    '/Users/pkarthikreddy/Documents/SE-WAD-PROJECT/server/node_modules/mongodb/lib/index.js',
    '/Users/pkarthikreddy/Documents/SE-WAD-PROJECT/server/node_modules/mongoose/lib/drivers/node-mongodb-native/collection.js',
    '/Users/pkarthikreddy/Documents/SE-WAD-PROJECT/server/node_modules/mongoose/lib/drivers/node-mongodb-native/index.js',
    '/Users/pkarthikreddy/Documents/SE-WAD-PROJECT/server/node_modules/mongoose/lib/index.js',
    '/Users/pkarthikreddy/Documents/SE-WAD-PROJECT/server/node_modules/mongoose/index.js',
    '/Users/pkarthikreddy/Documents/SE-WAD-PROJECT/server/server.js'
  ]
}

Node.js v25.9.0
